Build started 2016/7/5 13:17:47.
     1>Project "E:\repository\windwos\network\NetworkServer\NetworkServer\NetworkServer.vcxproj" on node 2 (build target(s)).
     1>InitializeBuildStatus:
         Creating "Debug\NetworkServer.unsuccessfulbuild" because "AlwaysCreate" was specified.
       ClCompile:
         C:\Program Files (x86)\Microsoft Visual Studio 10.0\VC\bin\CL.exe /c /ZI /nologo /W3 /WX- /Od /Oy- /D _MBCS /Gm /EHsc /RTC1 /MDd /GS /fp:precise /Zc:wchar_t /Zc:forScope /Fo"Debug\\" /Fd"Debug\vc100.pdb" /Gd /TP /analyze- /errorReport:prompt IOCPModel.cpp NetworkServer.cpp main.cpp
         main.cpp
         NetworkServer.cpp
     1>e:\repository\windwos\network\networkserver\networkserver\networkserver.cpp(24): warning C4244: 'argument' : conversion from 'const long' to 'const unsigned short', possible loss of data
         IOCPModel.cpp
         Generating Code...
     1>e:\repository\windwos\network\networkserver\networkserver\main.cpp(67): warning C4715: 'WindowProcedCmd' : not all control paths return a value
       Link:
         C:\Program Files (x86)\Microsoft Visual Studio 10.0\VC\bin\link.exe /ERRORREPORT:PROMPT /OUT:"E:\repository\windwos\network\NetworkServer\Debug\NetworkServer.exe" /NOLOGO kernel32.lib user32.lib gdi32.lib winspool.lib comdlg32.lib advapi32.lib shell32.lib ole32.lib oleaut32.lib uuid.lib odbc32.lib odbccp32.lib /MANIFEST /ManifestFile:"Debug\NetworkServer.exe.intermediate.manifest" /MANIFESTUAC:"level='asInvoker' uiAccess='false'" /DEBUG /PDB:"E:\repository\windwos\network\NetworkServer\Debug\NetworkServer.pdb" /TLBID:1 /DYNAMICBASE /NXCOMPAT /IMPLIB:"E:\repository\windwos\network\NetworkServer\Debug\NetworkServer.lib" /MACHINE:X86 Debug\IOCPModel.obj
         Debug\main.obj
         Debug\NetworkServer.obj
         LINK : E:\repository\windwos\network\NetworkServer\Debug\NetworkServer.exe not found or not built by the last incremental link; performing full link
         NetworkServer.vcxproj -> E:\repository\windwos\network\NetworkServer\Debug\NetworkServer.exe
       Manifest:
         C:\Program Files (x86)\Microsoft SDKs\Windows\v7.0A\bin\mt.exe /nologo /verbose /outputresource:"E:\repository\windwos\network\NetworkServer\Debug\NetworkServer.exe;#1" /manifest Debug\NetworkServer.exe.intermediate.manifest
       FinalizeBuildStatus:
         Deleting file "Debug\NetworkServer.unsuccessfulbuild".
         Touching "Debug\NetworkServer.lastbuildstate".
     1>Done Building Project "E:\repository\windwos\network\NetworkServer\NetworkServer\NetworkServer.vcxproj" (build target(s)).

Build succeeded.

Time Elapsed 00:00:04.95
