E:\REPOSITORY\WINDWOS\NETWORK\NETWORKSERVER\DEBUG\NETWORKSERVER.EXE
E:\REPOSITORY\WINDWOS\NETWORK\NETWORKSERVER\DEBUG\NETWORKSERVER.ILK
E:\REPOSITORY\WINDWOS\NETWORK\NETWORKSERVER\DEBUG\NETWORKSERVER.PDB
E:\repository\windwos\network\NetworkServer\NetworkServer\Debug\cl.command.1.tlog
E:\repository\windwos\network\NetworkServer\NetworkServer\Debug\CL.read.1.tlog
E:\repository\windwos\network\NetworkServer\NetworkServer\Debug\CL.write.1.tlog
E:\REPOSITORY\WINDWOS\NETWORK\NETWORKSERVER\NETWORKSERVER\DEBUG\IOCPMODEL.OBJ
E:\repository\windwos\network\NetworkServer\NetworkServer\Debug\link.command.1.tlog
E:\repository\windwos\network\NetworkServer\NetworkServer\Debug\link.read.1.tlog
E:\repository\windwos\network\NetworkServer\NetworkServer\Debug\link.write.1.tlog
E:\REPOSITORY\WINDWOS\NETWORK\NETWORKSERVER\NETWORKSERVER\DEBUG\MAIN.OBJ
E:\repository\windwos\network\NetworkServer\NetworkServer\Debug\mt.command.1.tlog
E:\repository\windwos\network\NetworkServer\NetworkServer\Debug\mt.read.1.tlog
E:\repository\windwos\network\NetworkServer\NetworkServer\Debug\mt.write.1.tlog
E:\REPOSITORY\WINDWOS\NETWORK\NETWORKSERVER\NETWORKSERVER\DEBUG\NETWORKSERVER.EXE.INTERMEDIATE.MANIFEST
E:\REPOSITORY\WINDWOS\NETWORK\NETWORKSERVER\NETWORKSERVER\DEBUG\NETWORKSERVER.OBJ
E:\repository\windwos\network\NetworkServer\NetworkServer\Debug\NetworkServer.vcxprojResolveAssemblyReference.cache
E:\repository\windwos\network\NetworkServer\NetworkServer\Debug\NetworkServer.write.1.tlog
E:\repository\windwos\network\NetworkServer\NetworkServer\Debug\vc100.idb
E:\REPOSITORY\WINDWOS\NETWORK\NETWORKSERVER\NETWORKSERVER\DEBUG\VC100.PDB
